<?xml version="1.0" encoding="UTF-8"?>
<testsuite xmlns:xsi="http://www.w3.org/2001/XMLSchema-instance" xsi:noNamespaceSchemaLocation="https://maven.apache.org/surefire/maven-surefire-plugin/xsd/surefire-test-report.xsd" name="com.hmall.search.SearchApplicationTest" time="105.796" tests="3" errors="3" skipped="0" failures="0">
  <properties>
    <property name="sun.desktop" value="windows"/>
    <property name="awt.toolkit" value="sun.awt.windows.WToolkit"/>
    <property name="java.specification.version" value="11"/>
    <property name="sun.cpu.isalist" value="amd64"/>
    <property name="sun.jnu.encoding" value="GBK"/>
    <property name="java.class.path" value="E:\ownspace\java\hmall\hmall\search-service\target\test-classes;E:\ownspace\java\hmall\hmall\search-service\target\classes;E:\mvndata\com\heima\hm-common\1.0.0\hm-common-1.0.0.jar;E:\mvndata\org\apache\commons\commons-pool2\2.11.1\commons-pool2-2.11.1.jar;E:\mvndata\cn\hutool\hutool-all\5.8.11\hutool-all-5.8.11.jar;E:\mvndata\org\springframework\boot\spring-boot-starter-logging\2.7.12\spring-boot-starter-logging-2.7.12.jar;E:\mvndata\ch\qos\logback\logback-classic\1.2.12\logback-classic-1.2.12.jar;E:\mvndata\ch\qos\logback\logback-core\1.2.12\logback-core-1.2.12.jar;E:\mvndata\org\apache\logging\log4j\log4j-to-slf4j\2.17.2\log4j-to-slf4j-2.17.2.jar;E:\mvndata\org\apache\logging\log4j\log4j-api\2.17.2\log4j-api-2.17.2.jar;E:\mvndata\org\slf4j\jul-to-slf4j\1.7.36\jul-to-slf4j-1.7.36.jar;E:\mvndata\org\hibernate\validator\hibernate-validator\6.2.5.Final\hibernate-validator-6.2.5.Final.jar;E:\mvndata\jakarta\validation\jakarta.validation-api\2.0.2\jakarta.validation-api-2.0.2.jar;E:\mvndata\org\jboss\logging\jboss-logging\3.4.3.Final\jboss-logging-3.4.3.Final.jar;E:\mvndata\com\fasterxml\classmate\1.5.1\classmate-1.5.1.jar;E:\mvndata\org\springframework\boot\spring-boot-autoconfigure\2.7.12\spring-boot-autoconfigure-2.7.12.jar;E:\mvndata\org\springframework\boot\spring-boot\2.7.12\spring-boot-2.7.12.jar;E:\mvndata\com\github\xiaoymin\knife4j-openapi2-spring-boot-starter\4.1.0\knife4j-openapi2-spring-boot-starter-4.1.0.jar;E:\mvndata\com\github\xiaoymin\knife4j-core\4.1.0\knife4j-core-4.1.0.jar;E:\mvndata\com\github\xiaoymin\knife4j-openapi2-ui\4.1.0\knife4j-openapi2-ui-4.1.0.jar;E:\mvndata\org\javassist\javassist\3.25.0-GA\javassist-3.25.0-GA.jar;E:\mvndata\io\springfox\springfox-swagger2\2.10.5\springfox-swagger2-2.10.5.jar;E:\mvndata\io\springfox\springfox-spi\2.10.5\springfox-spi-2.10.5.jar;E:\mvndata\io\springfox\springfox-core\2.10.5\springfox-core-2.10.5.jar;E:\mvndata\io\springfox\springfox-schema\2.10.5\springfox-schema-2.10.5.jar;E:\mvndata\io\springfox\springfox-swagger-common\2.10.5\springfox-swagger-common-2.10.5.jar;E:\mvndata\io\springfox\springfox-spring-web\2.10.5\springfox-spring-web-2.10.5.jar;E:\mvndata\io\github\classgraph\classgraph\4.1.7\classgraph-4.1.7.jar;E:\mvndata\org\springframework\plugin\spring-plugin-core\2.0.0.RELEASE\spring-plugin-core-2.0.0.RELEASE.jar;E:\mvndata\org\springframework\plugin\spring-plugin-metadata\2.0.0.RELEASE\spring-plugin-metadata-2.0.0.RELEASE.jar;E:\mvndata\org\mapstruct\mapstruct\1.3.1.Final\mapstruct-1.3.1.Final.jar;E:\mvndata\io\swagger\swagger-models\1.6.6\swagger-models-1.6.6.jar;E:\mvndata\com\fasterxml\jackson\core\jackson-annotations\2.13.5\jackson-annotations-2.13.5.jar;E:\mvndata\io\springfox\springfox-bean-validators\2.10.5\springfox-bean-validators-2.10.5.jar;E:\mvndata\io\springfox\springfox-spring-webmvc\2.10.5\springfox-spring-webmvc-2.10.5.jar;E:\mvndata\com\github\ben-manes\caffeine\caffeine\2.9.3\caffeine-2.9.3.jar;E:\mvndata\org\checkerframework\checker-qual\3.19.0\checker-qual-3.19.0.jar;E:\mvndata\com\google\errorprone\error_prone_annotations\2.10.0\error_prone_annotations-2.10.0.jar;E:\mvndata\org\springframework\boot\spring-boot-starter-web\2.7.12\spring-boot-starter-web-2.7.12.jar;E:\mvndata\org\springframework\boot\spring-boot-starter\2.7.12\spring-boot-starter-2.7.12.jar;E:\mvndata\jakarta\annotation\jakarta.annotation-api\1.3.5\jakarta.annotation-api-1.3.5.jar;E:\mvndata\org\yaml\snakeyaml\1.30\snakeyaml-1.30.jar;E:\mvndata\org\springframework\boot\spring-boot-starter-json\2.7.12\spring-boot-starter-json-2.7.12.jar;E:\mvndata\com\fasterxml\jackson\core\jackson-databind\2.13.5\jackson-databind-2.13.5.jar;E:\mvndata\com\fasterxml\jackson\datatype\jackson-datatype-jdk8\2.13.5\jackson-datatype-jdk8-2.13.5.jar;E:\mvndata\com\fasterxml\jackson\datatype\jackson-datatype-jsr310\2.13.5\jackson-datatype-jsr310-2.13.5.jar;E:\mvndata\com\fasterxml\jackson\module\jackson-module-parameter-names\2.13.5\jackson-module-parameter-names-2.13.5.jar;E:\mvndata\org\springframework\boot\spring-boot-starter-tomcat\2.7.12\spring-boot-starter-tomcat-2.7.12.jar;E:\mvndata\org\apache\tomcat\embed\tomcat-embed-core\9.0.75\tomcat-embed-core-9.0.75.jar;E:\mvndata\org\apache\tomcat\embed\tomcat-embed-el\9.0.75\tomcat-embed-el-9.0.75.jar;E:\mvndata\org\apache\tomcat\embed\tomcat-embed-websocket\9.0.75\tomcat-embed-websocket-9.0.75.jar;E:\mvndata\org\springframework\spring-web\5.3.27\spring-web-5.3.27.jar;E:\mvndata\org\springframework\spring-beans\5.3.27\spring-beans-5.3.27.jar;E:\mvndata\org\springframework\spring-webmvc\5.3.27\spring-webmvc-5.3.27.jar;E:\mvndata\org\springframework\spring-aop\5.3.27\spring-aop-5.3.27.jar;E:\mvndata\org\springframework\spring-context\5.3.27\spring-context-5.3.27.jar;E:\mvndata\org\springframework\spring-expression\5.3.27\spring-expression-5.3.27.jar;E:\mvndata\mysql\mysql-connector-java\8.0.23\mysql-connector-java-8.0.23.jar;E:\mvndata\com\google\protobuf\protobuf-java\3.11.4\protobuf-java-3.11.4.jar;E:\mvndata\com\baomidou\mybatis-plus-boot-starter\3.4.3\mybatis-plus-boot-starter-3.4.3.jar;E:\mvndata\com\baomidou\mybatis-plus\3.4.3\mybatis-plus-3.4.3.jar;E:\mvndata\com\baomidou\mybatis-plus-extension\3.4.3\mybatis-plus-extension-3.4.3.jar;E:\mvndata\com\baomidou\mybatis-plus-core\3.4.3\mybatis-plus-core-3.4.3.jar;E:\mvndata\com\baomidou\mybatis-plus-annotation\3.4.3\mybatis-plus-annotation-3.4.3.jar;E:\mvndata\com\github\jsqlparser\jsqlparser\4.0\jsqlparser-4.0.jar;E:\mvndata\org\mybatis\mybatis\3.5.7\mybatis-3.5.7.jar;E:\mvndata\org\mybatis\mybatis-spring\2.0.6\mybatis-spring-2.0.6.jar;E:\mvndata\org\springframework\boot\spring-boot-starter-jdbc\2.7.12\spring-boot-starter-jdbc-2.7.12.jar;E:\mvndata\com\zaxxer\HikariCP\4.0.3\HikariCP-4.0.3.jar;E:\mvndata\org\springframework\spring-jdbc\5.3.27\spring-jdbc-5.3.27.jar;E:\mvndata\org\springframework\boot\spring-boot-starter-test\2.7.12\spring-boot-starter-test-2.7.12.jar;E:\mvndata\org\springframework\boot\spring-boot-test\2.7.12\spring-boot-test-2.7.12.jar;E:\mvndata\org\springframework\boot\spring-boot-test-autoconfigure\2.7.12\spring-boot-test-autoconfigure-2.7.12.jar;E:\mvndata\com\jayway\jsonpath\json-path\2.7.0\json-path-2.7.0.jar;E:\mvndata\net\minidev\json-smart\2.4.11\json-smart-2.4.11.jar;E:\mvndata\net\minidev\accessors-smart\2.4.11\accessors-smart-2.4.11.jar;E:\mvndata\org\ow2\asm\asm\9.3\asm-9.3.jar;E:\mvndata\org\slf4j\slf4j-api\1.7.36\slf4j-api-1.7.36.jar;E:\mvndata\jakarta\xml\bind\jakarta.xml.bind-api\2.3.3\jakarta.xml.bind-api-2.3.3.jar;E:\mvndata\jakarta\activation\jakarta.activation-api\1.2.2\jakarta.activation-api-1.2.2.jar;E:\mvndata\org\assertj\assertj-core\3.22.0\assertj-core-3.22.0.jar;E:\mvndata\org\hamcrest\hamcrest\2.2\hamcrest-2.2.jar;E:\mvndata\org\junit\jupiter\junit-jupiter\5.8.2\junit-jupiter-5.8.2.jar;E:\mvndata\org\junit\jupiter\junit-jupiter-api\5.8.2\junit-jupiter-api-5.8.2.jar;E:\mvndata\org\opentest4j\opentest4j\1.2.0\opentest4j-1.2.0.jar;E:\mvndata\org\junit\platform\junit-platform-commons\1.8.2\junit-platform-commons-1.8.2.jar;E:\mvndata\org\apiguardian\apiguardian-api\1.1.2\apiguardian-api-1.1.2.jar;E:\mvndata\org\junit\jupiter\junit-jupiter-params\5.8.2\junit-jupiter-params-5.8.2.jar;E:\mvndata\org\junit\jupiter\junit-jupiter-engine\5.8.2\junit-jupiter-engine-5.8.2.jar;E:\mvndata\org\junit\platform\junit-platform-engine\1.8.2\junit-platform-engine-1.8.2.jar;E:\mvndata\org\mockito\mockito-core\4.5.1\mockito-core-4.5.1.jar;E:\mvndata\net\bytebuddy\byte-buddy\1.12.23\byte-buddy-1.12.23.jar;E:\mvndata\net\bytebuddy\byte-buddy-agent\1.12.23\byte-buddy-agent-1.12.23.jar;E:\mvndata\org\objenesis\objenesis\3.2\objenesis-3.2.jar;E:\mvndata\org\mockito\mockito-junit-jupiter\4.5.1\mockito-junit-jupiter-4.5.1.jar;E:\mvndata\org\skyscreamer\jsonassert\1.5.1\jsonassert-1.5.1.jar;E:\mvndata\com\vaadin\external\google\android-json\0.0.20131108.vaadin1\android-json-0.0.20131108.vaadin1.jar;E:\mvndata\org\springframework\spring-core\5.3.27\spring-core-5.3.27.jar;E:\mvndata\org\springframework\spring-jcl\5.3.27\spring-jcl-5.3.27.jar;E:\mvndata\org\springframework\spring-test\5.3.27\spring-test-5.3.27.jar;E:\mvndata\org\xmlunit\xmlunit-core\2.9.1\xmlunit-core-2.9.1.jar;E:\mvndata\com\heima\hm-api\1.0.0\hm-api-1.0.0.jar;E:\mvndata\org\springframework\cloud\spring-cloud-starter-openfeign\3.1.3\spring-cloud-starter-openfeign-3.1.3.jar;E:\mvndata\org\springframework\cloud\spring-cloud-openfeign-core\3.1.3\spring-cloud-openfeign-core-3.1.3.jar;E:\mvndata\org\springframework\boot\spring-boot-starter-aop\2.7.12\spring-boot-starter-aop-2.7.12.jar;E:\mvndata\org\aspectj\aspectjweaver\1.9.7\aspectjweaver-1.9.7.jar;E:\mvndata\io\github\openfeign\form\feign-form-spring\3.8.0\feign-form-spring-3.8.0.jar;E:\mvndata\io\github\openfeign\form\feign-form\3.8.0\feign-form-3.8.0.jar;E:\mvndata\commons-fileupload\commons-fileupload\1.4\commons-fileupload-1.4.jar;E:\mvndata\commons-io\commons-io\2.2\commons-io-2.2.jar;E:\mvndata\org\springframework\cloud\spring-cloud-commons\3.1.3\spring-cloud-commons-3.1.3.jar;E:\mvndata\org\springframework\security\spring-security-crypto\5.7.8\spring-security-crypto-5.7.8.jar;E:\mvndata\io\github\openfeign\feign-core\11.8\feign-core-11.8.jar;E:\mvndata\io\github\openfeign\feign-slf4j\11.8\feign-slf4j-11.8.jar;E:\mvndata\org\springframework\cloud\spring-cloud-starter-loadbalancer\3.1.3\spring-cloud-starter-loadbalancer-3.1.3.jar;E:\mvndata\org\springframework\cloud\spring-cloud-loadbalancer\3.1.3\spring-cloud-loadbalancer-3.1.3.jar;E:\mvndata\io\projectreactor\reactor-core\3.4.29\reactor-core-3.4.29.jar;E:\mvndata\org\reactivestreams\reactive-streams\1.0.4\reactive-streams-1.0.4.jar;E:\mvndata\io\projectreactor\addons\reactor-extra\3.4.10\reactor-extra-3.4.10.jar;E:\mvndata\org\springframework\boot\spring-boot-starter-cache\2.7.12\spring-boot-starter-cache-2.7.12.jar;E:\mvndata\org\springframework\spring-context-support\5.3.27\spring-context-support-5.3.27.jar;E:\mvndata\com\stoyanr\evictor\1.0.0\evictor-1.0.0.jar;E:\mvndata\io\swagger\swagger-annotations\1.6.6\swagger-annotations-1.6.6.jar;E:\mvndata\org\springframework\cloud\spring-cloud-starter-bootstrap\3.1.3\spring-cloud-starter-bootstrap-3.1.3.jar;E:\mvndata\org\springframework\cloud\spring-cloud-starter\3.1.3\spring-cloud-starter-3.1.3.jar;E:\mvndata\org\springframework\cloud\spring-cloud-context\3.1.3\spring-cloud-context-3.1.3.jar;E:\mvndata\org\springframework\security\spring-security-rsa\1.0.10.RELEASE\spring-security-rsa-1.0.10.RELEASE.jar;E:\mvndata\org\bouncycastle\bcpkix-jdk15on\1.68\bcpkix-jdk15on-1.68.jar;E:\mvndata\org\bouncycastle\bcprov-jdk15on\1.68\bcprov-jdk15on-1.68.jar;E:\mvndata\org\springframework\boot\spring-boot-starter-data-elasticsearch\2.7.12\spring-boot-starter-data-elasticsearch-2.7.12.jar;E:\mvndata\org\springframework\data\spring-data-elasticsearch\4.4.12\spring-data-elasticsearch-4.4.12.jar;E:\mvndata\org\springframework\spring-tx\5.3.27\spring-tx-5.3.27.jar;E:\mvndata\org\springframework\data\spring-data-commons\2.7.12\spring-data-commons-2.7.12.jar;E:\mvndata\org\elasticsearch\client\elasticsearch-rest-high-level-client\7.6.2\elasticsearch-rest-high-level-client-7.6.2.jar;E:\mvndata\org\elasticsearch\elasticsearch\7.6.2\elasticsearch-7.6.2.jar;E:\mvndata\org\elasticsearch\elasticsearch-core\7.6.2\elasticsearch-core-7.6.2.jar;E:\mvndata\org\elasticsearch\elasticsearch-secure-sm\7.6.2\elasticsearch-secure-sm-7.6.2.jar;E:\mvndata\org\elasticsearch\elasticsearch-x-content\7.6.2\elasticsearch-x-content-7.6.2.jar;E:\mvndata\com\fasterxml\jackson\dataformat\jackson-dataformat-smile\2.13.5\jackson-dataformat-smile-2.13.5.jar;E:\mvndata\com\fasterxml\jackson\dataformat\jackson-dataformat-yaml\2.13.5\jackson-dataformat-yaml-2.13.5.jar;E:\mvndata\com\fasterxml\jackson\dataformat\jackson-dataformat-cbor\2.13.5\jackson-dataformat-cbor-2.13.5.jar;E:\mvndata\org\elasticsearch\elasticsearch-geo\7.6.2\elasticsearch-geo-7.6.2.jar;E:\mvndata\org\apache\lucene\lucene-core\8.4.0\lucene-core-8.4.0.jar;E:\mvndata\org\apache\lucene\lucene-analyzers-common\8.4.0\lucene-analyzers-common-8.4.0.jar;E:\mvndata\org\apache\lucene\lucene-backward-codecs\8.4.0\lucene-backward-codecs-8.4.0.jar;E:\mvndata\org\apache\lucene\lucene-grouping\8.4.0\lucene-grouping-8.4.0.jar;E:\mvndata\org\apache\lucene\lucene-highlighter\8.4.0\lucene-highlighter-8.4.0.jar;E:\mvndata\org\apache\lucene\lucene-join\8.4.0\lucene-join-8.4.0.jar;E:\mvndata\org\apache\lucene\lucene-memory\8.4.0\lucene-memory-8.4.0.jar;E:\mvndata\org\apache\lucene\lucene-misc\8.4.0\lucene-misc-8.4.0.jar;E:\mvndata\org\apache\lucene\lucene-queries\8.4.0\lucene-queries-8.4.0.jar;E:\mvndata\org\apache\lucene\lucene-queryparser\8.4.0\lucene-queryparser-8.4.0.jar;E:\mvndata\org\apache\lucene\lucene-sandbox\8.4.0\lucene-sandbox-8.4.0.jar;E:\mvndata\org\apache\lucene\lucene-spatial\8.4.0\lucene-spatial-8.4.0.jar;E:\mvndata\org\apache\lucene\lucene-spatial-extras\8.4.0\lucene-spatial-extras-8.4.0.jar;E:\mvndata\org\apache\lucene\lucene-spatial3d\8.4.0\lucene-spatial3d-8.4.0.jar;E:\mvndata\org\apache\lucene\lucene-suggest\8.4.0\lucene-suggest-8.4.0.jar;E:\mvndata\org\elasticsearch\elasticsearch-cli\7.6.2\elasticsearch-cli-7.6.2.jar;E:\mvndata\net\sf\jopt-simple\jopt-simple\5.0.2\jopt-simple-5.0.2.jar;E:\mvndata\com\carrotsearch\hppc\0.8.1\hppc-0.8.1.jar;E:\mvndata\joda-time\joda-time\2.10.4\joda-time-2.10.4.jar;E:\mvndata\com\tdunning\t-digest\3.2\t-digest-3.2.jar;E:\mvndata\org\hdrhistogram\HdrHistogram\2.1.9\HdrHistogram-2.1.9.jar;E:\mvndata\org\elasticsearch\jna\4.5.1\jna-4.5.1.jar;E:\mvndata\org\elasticsearch\plugin\mapper-extras-client\7.6.2\mapper-extras-client-7.6.2.jar;E:\mvndata\org\elasticsearch\plugin\parent-join-client\7.6.2\parent-join-client-7.6.2.jar;E:\mvndata\org\elasticsearch\plugin\aggs-matrix-stats-client\7.6.2\aggs-matrix-stats-client-7.6.2.jar;E:\mvndata\org\elasticsearch\plugin\rank-eval-client\7.6.2\rank-eval-client-7.6.2.jar;E:\mvndata\org\elasticsearch\plugin\lang-mustache-client\7.6.2\lang-mustache-client-7.6.2.jar;E:\mvndata\com\github\spullara\mustache\java\compiler\0.9.6\compiler-0.9.6.jar;E:\mvndata\co\elastic\clients\elasticsearch-java\7.17.9\elasticsearch-java-7.17.9.jar;E:\mvndata\com\google\code\findbugs\jsr305\3.0.2\jsr305-3.0.2.jar;E:\mvndata\jakarta\json\jakarta.json-api\1.1.6\jakarta.json-api-1.1.6.jar;E:\mvndata\org\eclipse\parsson\parsson\1.0.0\parsson-1.0.0.jar;E:\mvndata\org\elasticsearch\client\elasticsearch-rest-client\7.6.2\elasticsearch-rest-client-7.6.2.jar;E:\mvndata\org\apache\httpcomponents\httpclient\4.5.14\httpclient-4.5.14.jar;E:\mvndata\org\apache\httpcomponents\httpcore\4.4.16\httpcore-4.4.16.jar;E:\mvndata\org\apache\httpcomponents\httpasyncclient\4.1.5\httpasyncclient-4.1.5.jar;E:\mvndata\org\apache\httpcomponents\httpcore-nio\4.4.16\httpcore-nio-4.4.16.jar;E:\mvndata\commons-codec\commons-codec\1.15\commons-codec-1.15.jar;E:\mvndata\com\fasterxml\jackson\core\jackson-core\2.13.5\jackson-core-2.13.5.jar;E:\mvndata\junit\junit\4.12\junit-4.12.jar;E:\mvndata\org\hamcrest\hamcrest-core\2.2\hamcrest-core-2.2.jar;E:\mvndata\org\projectlombok\lombok\1.18.20\lombok-1.18.20.jar;"/>
    <property name="java.vm.vendor" value="Oracle Corporation"/>
    <property name="sun.arch.data.model" value="64"/>
    <property name="user.variant" value=""/>
    <property name="java.vendor.url" value="https://openjdk.java.net/"/>
    <property name="user.timezone" value="Asia/Shanghai"/>
    <property name="java.vm.specification.version" value="11"/>
    <property name="os.name" value="Windows 11"/>
    <property name="sun.java.launcher" value="SUN_STANDARD"/>
    <property name="user.country" value="CN"/>
    <property name="sun.boot.library.path" value="D:\work\environment\eclipse\eclipse4.9\openjdk8\jdk11\bin"/>
    <property name="sun.java.command" value="C:\Users\xu\AppData\Local\Temp\surefire10653974036082281538\surefirebooter13161530701276077225.jar C:\Users\xu\AppData\Local\Temp\surefire10653974036082281538 2024-07-15T21-24-20_723-jvmRun1 surefire15787249484097728047tmp surefire_013559377586591772804tmp"/>
    <property name="jdk.debug" value="release"/>
    <property name="surefire.test.class.path" value="E:\ownspace\java\hmall\hmall\search-service\target\test-classes;E:\ownspace\java\hmall\hmall\search-service\target\classes;E:\mvndata\com\heima\hm-common\1.0.0\hm-common-1.0.0.jar;E:\mvndata\org\apache\commons\commons-pool2\2.11.1\commons-pool2-2.11.1.jar;E:\mvndata\cn\hutool\hutool-all\5.8.11\hutool-all-5.8.11.jar;E:\mvndata\org\springframework\boot\spring-boot-starter-logging\2.7.12\spring-boot-starter-logging-2.7.12.jar;E:\mvndata\ch\qos\logback\logback-classic\1.2.12\logback-classic-1.2.12.jar;E:\mvndata\ch\qos\logback\logback-core\1.2.12\logback-core-1.2.12.jar;E:\mvndata\org\apache\logging\log4j\log4j-to-slf4j\2.17.2\log4j-to-slf4j-2.17.2.jar;E:\mvndata\org\apache\logging\log4j\log4j-api\2.17.2\log4j-api-2.17.2.jar;E:\mvndata\org\slf4j\jul-to-slf4j\1.7.36\jul-to-slf4j-1.7.36.jar;E:\mvndata\org\hibernate\validator\hibernate-validator\6.2.5.Final\hibernate-validator-6.2.5.Final.jar;E:\mvndata\jakarta\validation\jakarta.validation-api\2.0.2\jakarta.validation-api-2.0.2.jar;E:\mvndata\org\jboss\logging\jboss-logging\3.4.3.Final\jboss-logging-3.4.3.Final.jar;E:\mvndata\com\fasterxml\classmate\1.5.1\classmate-1.5.1.jar;E:\mvndata\org\springframework\boot\spring-boot-autoconfigure\2.7.12\spring-boot-autoconfigure-2.7.12.jar;E:\mvndata\org\springframework\boot\spring-boot\2.7.12\spring-boot-2.7.12.jar;E:\mvndata\com\github\xiaoymin\knife4j-openapi2-spring-boot-starter\4.1.0\knife4j-openapi2-spring-boot-starter-4.1.0.jar;E:\mvndata\com\github\xiaoymin\knife4j-core\4.1.0\knife4j-core-4.1.0.jar;E:\mvndata\com\github\xiaoymin\knife4j-openapi2-ui\4.1.0\knife4j-openapi2-ui-4.1.0.jar;E:\mvndata\org\javassist\javassist\3.25.0-GA\javassist-3.25.0-GA.jar;E:\mvndata\io\springfox\springfox-swagger2\2.10.5\springfox-swagger2-2.10.5.jar;E:\mvndata\io\springfox\springfox-spi\2.10.5\springfox-spi-2.10.5.jar;E:\mvndata\io\springfox\springfox-core\2.10.5\springfox-core-2.10.5.jar;E:\mvndata\io\springfox\springfox-schema\2.10.5\springfox-schema-2.10.5.jar;E:\mvndata\io\springfox\springfox-swagger-common\2.10.5\springfox-swagger-common-2.10.5.jar;E:\mvndata\io\springfox\springfox-spring-web\2.10.5\springfox-spring-web-2.10.5.jar;E:\mvndata\io\github\classgraph\classgraph\4.1.7\classgraph-4.1.7.jar;E:\mvndata\org\springframework\plugin\spring-plugin-core\2.0.0.RELEASE\spring-plugin-core-2.0.0.RELEASE.jar;E:\mvndata\org\springframework\plugin\spring-plugin-metadata\2.0.0.RELEASE\spring-plugin-metadata-2.0.0.RELEASE.jar;E:\mvndata\org\mapstruct\mapstruct\1.3.1.Final\mapstruct-1.3.1.Final.jar;E:\mvndata\io\swagger\swagger-models\1.6.6\swagger-models-1.6.6.jar;E:\mvndata\com\fasterxml\jackson\core\jackson-annotations\2.13.5\jackson-annotations-2.13.5.jar;E:\mvndata\io\springfox\springfox-bean-validators\2.10.5\springfox-bean-validators-2.10.5.jar;E:\mvndata\io\springfox\springfox-spring-webmvc\2.10.5\springfox-spring-webmvc-2.10.5.jar;E:\mvndata\com\github\ben-manes\caffeine\caffeine\2.9.3\caffeine-2.9.3.jar;E:\mvndata\org\checkerframework\checker-qual\3.19.0\checker-qual-3.19.0.jar;E:\mvndata\com\google\errorprone\error_prone_annotations\2.10.0\error_prone_annotations-2.10.0.jar;E:\mvndata\org\springframework\boot\spring-boot-starter-web\2.7.12\spring-boot-starter-web-2.7.12.jar;E:\mvndata\org\springframework\boot\spring-boot-starter\2.7.12\spring-boot-starter-2.7.12.jar;E:\mvndata\jakarta\annotation\jakarta.annotation-api\1.3.5\jakarta.annotation-api-1.3.5.jar;E:\mvndata\org\yaml\snakeyaml\1.30\snakeyaml-1.30.jar;E:\mvndata\org\springframework\boot\spring-boot-starter-json\2.7.12\spring-boot-starter-json-2.7.12.jar;E:\mvndata\com\fasterxml\jackson\core\jackson-databind\2.13.5\jackson-databind-2.13.5.jar;E:\mvndata\com\fasterxml\jackson\datatype\jackson-datatype-jdk8\2.13.5\jackson-datatype-jdk8-2.13.5.jar;E:\mvndata\com\fasterxml\jackson\datatype\jackson-datatype-jsr310\2.13.5\jackson-datatype-jsr310-2.13.5.jar;E:\mvndata\com\fasterxml\jackson\module\jackson-module-parameter-names\2.13.5\jackson-module-parameter-names-2.13.5.jar;E:\mvndata\org\springframework\boot\spring-boot-starter-tomcat\2.7.12\spring-boot-starter-tomcat-2.7.12.jar;E:\mvndata\org\apache\tomcat\embed\tomcat-embed-core\9.0.75\tomcat-embed-core-9.0.75.jar;E:\mvndata\org\apache\tomcat\embed\tomcat-embed-el\9.0.75\tomcat-embed-el-9.0.75.jar;E:\mvndata\org\apache\tomcat\embed\tomcat-embed-websocket\9.0.75\tomcat-embed-websocket-9.0.75.jar;E:\mvndata\org\springframework\spring-web\5.3.27\spring-web-5.3.27.jar;E:\mvndata\org\springframework\spring-beans\5.3.27\spring-beans-5.3.27.jar;E:\mvndata\org\springframework\spring-webmvc\5.3.27\spring-webmvc-5.3.27.jar;E:\mvndata\org\springframework\spring-aop\5.3.27\spring-aop-5.3.27.jar;E:\mvndata\org\springframework\spring-context\5.3.27\spring-context-5.3.27.jar;E:\mvndata\org\springframework\spring-expression\5.3.27\spring-expression-5.3.27.jar;E:\mvndata\mysql\mysql-connector-java\8.0.23\mysql-connector-java-8.0.23.jar;E:\mvndata\com\google\protobuf\protobuf-java\3.11.4\protobuf-java-3.11.4.jar;E:\mvndata\com\baomidou\mybatis-plus-boot-starter\3.4.3\mybatis-plus-boot-starter-3.4.3.jar;E:\mvndata\com\baomidou\mybatis-plus\3.4.3\mybatis-plus-3.4.3.jar;E:\mvndata\com\baomidou\mybatis-plus-extension\3.4.3\mybatis-plus-extension-3.4.3.jar;E:\mvndata\com\baomidou\mybatis-plus-core\3.4.3\mybatis-plus-core-3.4.3.jar;E:\mvndata\com\baomidou\mybatis-plus-annotation\3.4.3\mybatis-plus-annotation-3.4.3.jar;E:\mvndata\com\github\jsqlparser\jsqlparser\4.0\jsqlparser-4.0.jar;E:\mvndata\org\mybatis\mybatis\3.5.7\mybatis-3.5.7.jar;E:\mvndata\org\mybatis\mybatis-spring\2.0.6\mybatis-spring-2.0.6.jar;E:\mvndata\org\springframework\boot\spring-boot-starter-jdbc\2.7.12\spring-boot-starter-jdbc-2.7.12.jar;E:\mvndata\com\zaxxer\HikariCP\4.0.3\HikariCP-4.0.3.jar;E:\mvndata\org\springframework\spring-jdbc\5.3.27\spring-jdbc-5.3.27.jar;E:\mvndata\org\springframework\boot\spring-boot-starter-test\2.7.12\spring-boot-starter-test-2.7.12.jar;E:\mvndata\org\springframework\boot\spring-boot-test\2.7.12\spring-boot-test-2.7.12.jar;E:\mvndata\org\springframework\boot\spring-boot-test-autoconfigure\2.7.12\spring-boot-test-autoconfigure-2.7.12.jar;E:\mvndata\com\jayway\jsonpath\json-path\2.7.0\json-path-2.7.0.jar;E:\mvndata\net\minidev\json-smart\2.4.11\json-smart-2.4.11.jar;E:\mvndata\net\minidev\accessors-smart\2.4.11\accessors-smart-2.4.11.jar;E:\mvndata\org\ow2\asm\asm\9.3\asm-9.3.jar;E:\mvndata\org\slf4j\slf4j-api\1.7.36\slf4j-api-1.7.36.jar;E:\mvndata\jakarta\xml\bind\jakarta.xml.bind-api\2.3.3\jakarta.xml.bind-api-2.3.3.jar;E:\mvndata\jakarta\activation\jakarta.activation-api\1.2.2\jakarta.activation-api-1.2.2.jar;E:\mvndata\org\assertj\assertj-core\3.22.0\assertj-core-3.22.0.jar;E:\mvndata\org\hamcrest\hamcrest\2.2\hamcrest-2.2.jar;E:\mvndata\org\junit\jupiter\junit-jupiter\5.8.2\junit-jupiter-5.8.2.jar;E:\mvndata\org\junit\jupiter\junit-jupiter-api\5.8.2\junit-jupiter-api-5.8.2.jar;E:\mvndata\org\opentest4j\opentest4j\1.2.0\opentest4j-1.2.0.jar;E:\mvndata\org\junit\platform\junit-platform-commons\1.8.2\junit-platform-commons-1.8.2.jar;E:\mvndata\org\apiguardian\apiguardian-api\1.1.2\apiguardian-api-1.1.2.jar;E:\mvndata\org\junit\jupiter\junit-jupiter-params\5.8.2\junit-jupiter-params-5.8.2.jar;E:\mvndata\org\junit\jupiter\junit-jupiter-engine\5.8.2\junit-jupiter-engine-5.8.2.jar;E:\mvndata\org\junit\platform\junit-platform-engine\1.8.2\junit-platform-engine-1.8.2.jar;E:\mvndata\org\mockito\mockito-core\4.5.1\mockito-core-4.5.1.jar;E:\mvndata\net\bytebuddy\byte-buddy\1.12.23\byte-buddy-1.12.23.jar;E:\mvndata\net\bytebuddy\byte-buddy-agent\1.12.23\byte-buddy-agent-1.12.23.jar;E:\mvndata\org\objenesis\objenesis\3.2\objenesis-3.2.jar;E:\mvndata\org\mockito\mockito-junit-jupiter\4.5.1\mockito-junit-jupiter-4.5.1.jar;E:\mvndata\org\skyscreamer\jsonassert\1.5.1\jsonassert-1.5.1.jar;E:\mvndata\com\vaadin\external\google\android-json\0.0.20131108.vaadin1\android-json-0.0.20131108.vaadin1.jar;E:\mvndata\org\springframework\spring-core\5.3.27\spring-core-5.3.27.jar;E:\mvndata\org\springframework\spring-jcl\5.3.27\spring-jcl-5.3.27.jar;E:\mvndata\org\springframework\spring-test\5.3.27\spring-test-5.3.27.jar;E:\mvndata\org\xmlunit\xmlunit-core\2.9.1\xmlunit-core-2.9.1.jar;E:\mvndata\com\heima\hm-api\1.0.0\hm-api-1.0.0.jar;E:\mvndata\org\springframework\cloud\spring-cloud-starter-openfeign\3.1.3\spring-cloud-starter-openfeign-3.1.3.jar;E:\mvndata\org\springframework\cloud\spring-cloud-openfeign-core\3.1.3\spring-cloud-openfeign-core-3.1.3.jar;E:\mvndata\org\springframework\boot\spring-boot-starter-aop\2.7.12\spring-boot-starter-aop-2.7.12.jar;E:\mvndata\org\aspectj\aspectjweaver\1.9.7\aspectjweaver-1.9.7.jar;E:\mvndata\io\github\openfeign\form\feign-form-spring\3.8.0\feign-form-spring-3.8.0.jar;E:\mvndata\io\github\openfeign\form\feign-form\3.8.0\feign-form-3.8.0.jar;E:\mvndata\commons-fileupload\commons-fileupload\1.4\commons-fileupload-1.4.jar;E:\mvndata\commons-io\commons-io\2.2\commons-io-2.2.jar;E:\mvndata\org\springframework\cloud\spring-cloud-commons\3.1.3\spring-cloud-commons-3.1.3.jar;E:\mvndata\org\springframework\security\spring-security-crypto\5.7.8\spring-security-crypto-5.7.8.jar;E:\mvndata\io\github\openfeign\feign-core\11.8\feign-core-11.8.jar;E:\mvndata\io\github\openfeign\feign-slf4j\11.8\feign-slf4j-11.8.jar;E:\mvndata\org\springframework\cloud\spring-cloud-starter-loadbalancer\3.1.3\spring-cloud-starter-loadbalancer-3.1.3.jar;E:\mvndata\org\springframework\cloud\spring-cloud-loadbalancer\3.1.3\spring-cloud-loadbalancer-3.1.3.jar;E:\mvndata\io\projectreactor\reactor-core\3.4.29\reactor-core-3.4.29.jar;E:\mvndata\org\reactivestreams\reactive-streams\1.0.4\reactive-streams-1.0.4.jar;E:\mvndata\io\projectreactor\addons\reactor-extra\3.4.10\reactor-extra-3.4.10.jar;E:\mvndata\org\springframework\boot\spring-boot-starter-cache\2.7.12\spring-boot-starter-cache-2.7.12.jar;E:\mvndata\org\springframework\spring-context-support\5.3.27\spring-context-support-5.3.27.jar;E:\mvndata\com\stoyanr\evictor\1.0.0\evictor-1.0.0.jar;E:\mvndata\io\swagger\swagger-annotations\1.6.6\swagger-annotations-1.6.6.jar;E:\mvndata\org\springframework\cloud\spring-cloud-starter-bootstrap\3.1.3\spring-cloud-starter-bootstrap-3.1.3.jar;E:\mvndata\org\springframework\cloud\spring-cloud-starter\3.1.3\spring-cloud-starter-3.1.3.jar;E:\mvndata\org\springframework\cloud\spring-cloud-context\3.1.3\spring-cloud-context-3.1.3.jar;E:\mvndata\org\springframework\security\spring-security-rsa\1.0.10.RELEASE\spring-security-rsa-1.0.10.RELEASE.jar;E:\mvndata\org\bouncycastle\bcpkix-jdk15on\1.68\bcpkix-jdk15on-1.68.jar;E:\mvndata\org\bouncycastle\bcprov-jdk15on\1.68\bcprov-jdk15on-1.68.jar;E:\mvndata\org\springframework\boot\spring-boot-starter-data-elasticsearch\2.7.12\spring-boot-starter-data-elasticsearch-2.7.12.jar;E:\mvndata\org\springframework\data\spring-data-elasticsearch\4.4.12\spring-data-elasticsearch-4.4.12.jar;E:\mvndata\org\springframework\spring-tx\5.3.27\spring-tx-5.3.27.jar;E:\mvndata\org\springframework\data\spring-data-commons\2.7.12\spring-data-commons-2.7.12.jar;E:\mvndata\org\elasticsearch\client\elasticsearch-rest-high-level-client\7.6.2\elasticsearch-rest-high-level-client-7.6.2.jar;E:\mvndata\org\elasticsearch\elasticsearch\7.6.2\elasticsearch-7.6.2.jar;E:\mvndata\org\elasticsearch\elasticsearch-core\7.6.2\elasticsearch-core-7.6.2.jar;E:\mvndata\org\elasticsearch\elasticsearch-secure-sm\7.6.2\elasticsearch-secure-sm-7.6.2.jar;E:\mvndata\org\elasticsearch\elasticsearch-x-content\7.6.2\elasticsearch-x-content-7.6.2.jar;E:\mvndata\com\fasterxml\jackson\dataformat\jackson-dataformat-smile\2.13.5\jackson-dataformat-smile-2.13.5.jar;E:\mvndata\com\fasterxml\jackson\dataformat\jackson-dataformat-yaml\2.13.5\jackson-dataformat-yaml-2.13.5.jar;E:\mvndata\com\fasterxml\jackson\dataformat\jackson-dataformat-cbor\2.13.5\jackson-dataformat-cbor-2.13.5.jar;E:\mvndata\org\elasticsearch\elasticsearch-geo\7.6.2\elasticsearch-geo-7.6.2.jar;E:\mvndata\org\apache\lucene\lucene-core\8.4.0\lucene-core-8.4.0.jar;E:\mvndata\org\apache\lucene\lucene-analyzers-common\8.4.0\lucene-analyzers-common-8.4.0.jar;E:\mvndata\org\apache\lucene\lucene-backward-codecs\8.4.0\lucene-backward-codecs-8.4.0.jar;E:\mvndata\org\apache\lucene\lucene-grouping\8.4.0\lucene-grouping-8.4.0.jar;E:\mvndata\org\apache\lucene\lucene-highlighter\8.4.0\lucene-highlighter-8.4.0.jar;E:\mvndata\org\apache\lucene\lucene-join\8.4.0\lucene-join-8.4.0.jar;E:\mvndata\org\apache\lucene\lucene-memory\8.4.0\lucene-memory-8.4.0.jar;E:\mvndata\org\apache\lucene\lucene-misc\8.4.0\lucene-misc-8.4.0.jar;E:\mvndata\org\apache\lucene\lucene-queries\8.4.0\lucene-queries-8.4.0.jar;E:\mvndata\org\apache\lucene\lucene-queryparser\8.4.0\lucene-queryparser-8.4.0.jar;E:\mvndata\org\apache\lucene\lucene-sandbox\8.4.0\lucene-sandbox-8.4.0.jar;E:\mvndata\org\apache\lucene\lucene-spatial\8.4.0\lucene-spatial-8.4.0.jar;E:\mvndata\org\apache\lucene\lucene-spatial-extras\8.4.0\lucene-spatial-extras-8.4.0.jar;E:\mvndata\org\apache\lucene\lucene-spatial3d\8.4.0\lucene-spatial3d-8.4.0.jar;E:\mvndata\org\apache\lucene\lucene-suggest\8.4.0\lucene-suggest-8.4.0.jar;E:\mvndata\org\elasticsearch\elasticsearch-cli\7.6.2\elasticsearch-cli-7.6.2.jar;E:\mvndata\net\sf\jopt-simple\jopt-simple\5.0.2\jopt-simple-5.0.2.jar;E:\mvndata\com\carrotsearch\hppc\0.8.1\hppc-0.8.1.jar;E:\mvndata\joda-time\joda-time\2.10.4\joda-time-2.10.4.jar;E:\mvndata\com\tdunning\t-digest\3.2\t-digest-3.2.jar;E:\mvndata\org\hdrhistogram\HdrHistogram\2.1.9\HdrHistogram-2.1.9.jar;E:\mvndata\org\elasticsearch\jna\4.5.1\jna-4.5.1.jar;E:\mvndata\org\elasticsearch\plugin\mapper-extras-client\7.6.2\mapper-extras-client-7.6.2.jar;E:\mvndata\org\elasticsearch\plugin\parent-join-client\7.6.2\parent-join-client-7.6.2.jar;E:\mvndata\org\elasticsearch\plugin\aggs-matrix-stats-client\7.6.2\aggs-matrix-stats-client-7.6.2.jar;E:\mvndata\org\elasticsearch\plugin\rank-eval-client\7.6.2\rank-eval-client-7.6.2.jar;E:\mvndata\org\elasticsearch\plugin\lang-mustache-client\7.6.2\lang-mustache-client-7.6.2.jar;E:\mvndata\com\github\spullara\mustache\java\compiler\0.9.6\compiler-0.9.6.jar;E:\mvndata\co\elastic\clients\elasticsearch-java\7.17.9\elasticsearch-java-7.17.9.jar;E:\mvndata\com\google\code\findbugs\jsr305\3.0.2\jsr305-3.0.2.jar;E:\mvndata\jakarta\json\jakarta.json-api\1.1.6\jakarta.json-api-1.1.6.jar;E:\mvndata\org\eclipse\parsson\parsson\1.0.0\parsson-1.0.0.jar;E:\mvndata\org\elasticsearch\client\elasticsearch-rest-client\7.6.2\elasticsearch-rest-client-7.6.2.jar;E:\mvndata\org\apache\httpcomponents\httpclient\4.5.14\httpclient-4.5.14.jar;E:\mvndata\org\apache\httpcomponents\httpcore\4.4.16\httpcore-4.4.16.jar;E:\mvndata\org\apache\httpcomponents\httpasyncclient\4.1.5\httpasyncclient-4.1.5.jar;E:\mvndata\org\apache\httpcomponents\httpcore-nio\4.4.16\httpcore-nio-4.4.16.jar;E:\mvndata\commons-codec\commons-codec\1.15\commons-codec-1.15.jar;E:\mvndata\com\fasterxml\jackson\core\jackson-core\2.13.5\jackson-core-2.13.5.jar;E:\mvndata\junit\junit\4.12\junit-4.12.jar;E:\mvndata\org\hamcrest\hamcrest-core\2.2\hamcrest-core-2.2.jar;E:\mvndata\org\projectlombok\lombok\1.18.20\lombok-1.18.20.jar;"/>
    <property name="sun.cpu.endian" value="little"/>
    <property name="user.home" value="C:\Users\xu"/>
    <property name="user.language" value="zh"/>
    <property name="java.specification.vendor" value="Oracle Corporation"/>
    <property name="java.version.date" value="2022-04-22"/>
    <property name="java.home" value="D:\work\environment\eclipse\eclipse4.9\openjdk8\jdk11"/>
    <property name="file.separator" value="\"/>
    <property name="basedir" value="E:\ownspace\java\hmall\hmall\search-service"/>
    <property name="java.vm.compressedOopsMode" value="Zero based"/>
    <property name="line.separator" value="&#10;"/>
    <property name="java.specification.name" value="Java Platform API Specification"/>
    <property name="java.vm.specification.vendor" value="Oracle Corporation"/>
    <property name="java.awt.graphicsenv" value="sun.awt.Win32GraphicsEnvironment"/>
    <property name="surefire.real.class.path" value="C:\Users\xu\AppData\Local\Temp\surefire10653974036082281538\surefirebooter13161530701276077225.jar"/>
    <property name="user.script" value=""/>
    <property name="sun.management.compiler" value="HotSpot 64-Bit Tiered Compilers"/>
    <property name="java.runtime.version" value="11.0.15.1+2-LTS-10"/>
    <property name="user.name" value="xu"/>
    <property name="path.separator" value=";"/>
    <property name="os.version" value="10.0"/>
    <property name="java.runtime.name" value="Java(TM) SE Runtime Environment"/>
    <property name="file.encoding" value="GBK"/>
    <property name="java.vm.name" value="Java HotSpot(TM) 64-Bit Server VM"/>
    <property name="java.vendor.version" value="18.9"/>
    <property name="localRepository" value="E:\mvndata"/>
    <property name="java.vendor.url.bug" value="https://bugreport.java.com/bugreport/"/>
    <property name="java.io.tmpdir" value="C:\Users\xu\AppData\Local\Temp\"/>
    <property name="idea.version" value="2020.3"/>
    <property name="java.version" value="11.0.15.1"/>
    <property name="user.dir" value="E:\ownspace\java\hmall\hmall\search-service"/>
    <property name="os.arch" value="amd64"/>
    <property name="java.vm.specification.name" value="Java Virtual Machine Specification"/>
    <property name="java.awt.printerjob" value="sun.awt.windows.WPrinterJob"/>
    <property name="sun.os.patch.level" value=""/>
    <property name="java.library.path" value="D:\work\environment\eclipse\eclipse4.9\openjdk8\jdk11\bin;C:\Windows\Sun\Java\bin;C:\Windows\system32;C:\Windows;C:\Windows\system32;C:\Windows;C:\Windows\System32\Wbem;C:\Windows\System32\WindowsPowerShell\v1.0\;C:\Windows\System32\OpenSSH\;C:\Program Files (x86)\NVIDIA Corporation\PhysX\Common;C:\Program Files\NVIDIA Corporation\NVIDIA NvDLISR;C:\Program Files\dotnet\;D:\app\TortoiseSVN\bin;C:\Users\xu\AppData\Local\Microsoft\WindowsApps;D:\work\environment\eclipse\eclipse4.9\openjdk8\jdk11\bin;E:\app\maven\3.6.1\apache-maven-3.6.1-bin\apache-maven-3.6.1\bin;D:\app\redis\;D:\app\rabbitmq\erl25.1\Erlang OTP\bin;E:\app\xshell\;E:\app\xftp\;D:\app\nodejs\;D:\app\tomcat8\apache-tomcat8\bin;E:\app\git\Git\cmd;C:\Users\xu\AppData\Local\Microsoft\WindowsApps;C:\Users\xu\AppData\Local\Programs\Microsoft VS Code\bin;E:\app\fiddler;C:\Users\xu\AppData\Roaming\npm;D:\app\nodejs;D:\app\rabbitmq\rabbitmq-server-3.10.20\rabbitmq_server-3.10.20\sbin;;."/>
    <property name="java.vendor" value="Oracle Corporation"/>
    <property name="java.vm.info" value="mixed mode"/>
    <property name="java.vm.version" value="11.0.15.1+2-LTS-10"/>
    <property name="sun.io.unicode.encoding" value="UnicodeLittle"/>
    <property name="maven.repo.local" value="E:\mvndata"/>
    <property name="java.class.version" value="55.0"/>
  </properties>
  <testcase name="testQuery" classname="com.hmall.search.SearchApplicationTest" time="30.799">
    <error message="30,000 milliseconds timeout on connection http-outgoing-0 [ACTIVE]" type="java.net.SocketTimeoutException">java.net.SocketTimeoutException: 30,000 milliseconds timeout on connection http-outgoing-0 [ACTIVE]
	at com.hmall.search.SearchApplicationTest.testQuery(SearchApplicationTest.java:87)
Caused by: java.net.SocketTimeoutException: 30,000 milliseconds timeout on connection http-outgoing-0 [ACTIVE]
</error>
    <system-out><![CDATA[21:24:21.443 [main] DEBUG org.springframework.test.context.BootstrapUtils - Instantiating CacheAwareContextLoaderDelegate from class [org.springframework.test.context.cache.DefaultCacheAwareContextLoaderDelegate]
21:24:21.448 [main] DEBUG org.springframework.test.context.BootstrapUtils - Instantiating BootstrapContext using constructor [public org.springframework.test.context.support.DefaultBootstrapContext(java.lang.Class,org.springframework.test.context.CacheAwareContextLoaderDelegate)]
21:24:21.471 [main] DEBUG org.springframework.test.context.BootstrapUtils - Instantiating TestContextBootstrapper for test class [com.hmall.search.SearchApplicationTest] from class [org.springframework.boot.test.context.SpringBootTestContextBootstrapper]
21:24:21.478 [main] INFO org.springframework.boot.test.context.SpringBootTestContextBootstrapper - Neither @ContextConfiguration nor @ContextHierarchy found for test class [com.hmall.search.SearchApplicationTest], using SpringBootContextLoader
21:24:21.480 [main] DEBUG org.springframework.test.context.support.AbstractContextLoader - Did not detect default resource location for test class [com.hmall.search.SearchApplicationTest]: class path resource [com/hmall/search/SearchApplicationTest-context.xml] does not exist
21:24:21.481 [main] DEBUG org.springframework.test.context.support.AbstractContextLoader - Did not detect default resource location for test class [com.hmall.search.SearchApplicationTest]: class path resource [com/hmall/search/SearchApplicationTestContext.groovy] does not exist
21:24:21.481 [main] INFO org.springframework.test.context.support.AbstractContextLoader - Could not detect default resource locations for test class [com.hmall.search.SearchApplicationTest]: no resource found for suffixes {-context.xml, Context.groovy}.
21:24:21.482 [main] INFO org.springframework.test.context.support.AnnotationConfigContextLoaderUtils - Could not detect default configuration classes for test class [com.hmall.search.SearchApplicationTest]: SearchApplicationTest does not declare any static, non-private, non-final, nested classes annotated with @Configuration.
21:24:21.514 [main] DEBUG org.springframework.test.context.support.ActiveProfilesUtils - Could not find an 'annotation declaring class' for annotation type [org.springframework.test.context.ActiveProfiles] and class [com.hmall.search.SearchApplicationTest]
21:24:21.555 [main] DEBUG org.springframework.context.annotation.ClassPathScanningCandidateComponentProvider - Identified candidate component class: file [E:\ownspace\java\hmall\hmall\search-service\target\classes\com\hmall\search\SearchApplication.class]
21:24:21.556 [main] INFO org.springframework.boot.test.context.SpringBootTestContextBootstrapper - Found @SpringBootConfiguration com.hmall.search.SearchApplication for test class com.hmall.search.SearchApplicationTest
21:24:21.635 [main] DEBUG org.springframework.boot.test.context.SpringBootTestContextBootstrapper - @TestExecutionListeners is not present for class [com.hmall.search.SearchApplicationTest]: using defaults.
21:24:21.635 [main] INFO org.springframework.boot.test.context.SpringBootTestContextBootstrapper - Loaded default TestExecutionListener class names from location [META-INF/spring.factories]: [org.springframework.boot.test.mock.mockito.MockitoTestExecutionListener, org.springframework.boot.test.mock.mockito.ResetMocksTestExecutionListener, org.springframework.boot.test.autoconfigure.restdocs.RestDocsTestExecutionListener, org.springframework.boot.test.autoconfigure.web.client.MockRestServiceServerResetTestExecutionListener, org.springframework.boot.test.autoconfigure.web.servlet.MockMvcPrintOnlyOnFailureTestExecutionListener, org.springframework.boot.test.autoconfigure.web.servlet.WebDriverTestExecutionListener, org.springframework.boot.test.autoconfigure.webservices.client.MockWebServiceServerTestExecutionListener, org.springframework.test.context.web.ServletTestExecutionListener, org.springframework.test.context.support.DirtiesContextBeforeModesTestExecutionListener, org.springframework.test.context.event.ApplicationEventsTestExecutionListener, org.springframework.test.context.support.DependencyInjectionTestExecutionListener, org.springframework.test.context.support.DirtiesContextTestExecutionListener, org.springframework.test.context.transaction.TransactionalTestExecutionListener, org.springframework.test.context.jdbc.SqlScriptsTestExecutionListener, org.springframework.test.context.event.EventPublishingTestExecutionListener]
21:24:21.649 [main] INFO org.springframework.boot.test.context.SpringBootTestContextBootstrapper - Using TestExecutionListeners: [org.springframework.test.context.web.ServletTestExecutionListener@25748410, org.springframework.test.context.support.DirtiesContextBeforeModesTestExecutionListener@2b43529a, org.springframework.test.context.event.ApplicationEventsTestExecutionListener@4264b240, org.springframework.boot.test.mock.mockito.MockitoTestExecutionListener@5b04476e, org.springframework.boot.test.autoconfigure.SpringBootDependencyInjectionTestExecutionListener@5ad10c1a, org.springframework.test.context.support.DirtiesContextTestExecutionListener@6bb75258, org.springframework.test.context.transaction.TransactionalTestExecutionListener@c260bdc, org.springframework.test.context.jdbc.SqlScriptsTestExecutionListener@75e01201, org.springframework.test.context.event.EventPublishingTestExecutionListener@2783717b, org.springframework.boot.test.mock.mockito.ResetMocksTestExecutionListener@76f7d241, org.springframework.boot.test.autoconfigure.restdocs.RestDocsTestExecutionListener@4a335fa8, org.springframework.boot.test.autoconfigure.web.client.MockRestServiceServerResetTestExecutionListener@3f363cf5, org.springframework.boot.test.autoconfigure.web.servlet.MockMvcPrintOnlyOnFailureTestExecutionListener@3829ac1, org.springframework.boot.test.autoconfigure.web.servlet.WebDriverTestExecutionListener@4baf352a, org.springframework.boot.test.autoconfigure.webservices.client.MockWebServiceServerTestExecutionListener@1bb1fde8]
21:24:21.661 [main] DEBUG org.springframework.test.context.support.AbstractDirtiesContextTestExecutionListener - Before test class: context [DefaultTestContext@275fe372 testClass = SearchApplicationTest, testInstance = [null], testMethod = [null], testException = [null], mergedContextConfiguration = [WebMergedContextConfiguration@40e10ff8 testClass = SearchApplicationTest, locations = '{}', classes = '{class com.hmall.search.SearchApplication}', contextInitializerClasses = '[]', activeProfiles = '{}', propertySourceLocations = '{}', propertySourceProperties = '{org.springframework.boot.test.context.SpringBootTestContextBootstrapper=true}', contextCustomizers = set[org.springframework.boot.test.context.filter.ExcludeFilterContextCustomizer@4eaf3684, org.springframework.boot.test.json.DuplicateJsonObjectContextCustomizerFactory$DuplicateJsonObjectContextCustomizer@39d9314d, org.springframework.boot.test.mock.mockito.MockitoContextCustomizer@0, org.springframework.boot.test.web.client.TestRestTemplateContextCustomizer@75d2da2d, org.springframework.boot.test.autoconfigure.actuate.metrics.MetricsExportContextCustomizerFactory$DisableMetricExportContextCustomizer@282cb7c7, org.springframework.boot.test.autoconfigure.properties.PropertyMappingContextCustomizer@0, org.springframework.boot.test.autoconfigure.web.servlet.WebDriverContextCustomizerFactory$Customizer@25f4878b, org.springframework.boot.test.context.SpringBootTestArgs@1, org.springframework.boot.test.context.SpringBootTestWebEnvironment@67c27493], resourceBasePath = 'src/main/webapp', contextLoader = 'org.springframework.boot.test.context.SpringBootContextLoader', parent = [null]], attributes = map['org.springframework.test.context.web.ServletTestExecutionListener.activateListener' -> true]], class annotated with @DirtiesContext [false] with mode [null].

  .   ____          _            __ _ _
 /\\ / ___'_ __ _ _(_)_ __  __ _ \ \ \ \
( ( )\___ | '_ | '_| | '_ \/ _` | \ \ \ \
 \\/  ___)| |_)| | | | | || (_| |  ) ) ) )
  '  |____| .__|_| |_|_| |_\__, | / / / /
 =========|_|==============|___/=/_/_/_/
 :: Spring Boot ::               (v2.7.12)

2024-07-15 21:24:24.852  INFO 54576 --- [           main] com.hmall.search.SearchApplicationTest   : The following 1 profile is active: "local"
2024-07-15 21:24:25.344  INFO 54576 --- [           main] .s.d.r.c.RepositoryConfigurationDelegate : Bootstrapping Spring Data Elasticsearch repositories in DEFAULT mode.
2024-07-15 21:24:25.355  INFO 54576 --- [           main] .s.d.r.c.RepositoryConfigurationDelegate : Finished Spring Data repository scanning in 6 ms. Found 0 Elasticsearch repository interfaces.
2024-07-15 21:24:25.359  INFO 54576 --- [           main] .s.d.r.c.RepositoryConfigurationDelegate : Bootstrapping Spring Data Reactive Elasticsearch repositories in DEFAULT mode.
2024-07-15 21:24:25.361  INFO 54576 --- [           main] .s.d.r.c.RepositoryConfigurationDelegate : Finished Spring Data repository scanning in 1 ms. Found 0 Reactive Elasticsearch repository interfaces.
2024-07-15 21:24:25.523  INFO 54576 --- [           main] o.s.cloud.context.scope.GenericScope     : BeanFactory id=1e921bb3-cb21-3e93-a438-0f10ffd56470
 _ _   |_  _ _|_. ___ _ |    _ 
| | |\/|_)(_| | |_\  |_)||_|_\ 
     /               |         
                        3.4.3 
2024-07-15 21:24:30.248  INFO 54576 --- [           main] pertySourcedRequestMappingHandlerMapping : Mapped URL path [/v2/api-docs] onto method [springfox.documentation.swagger2.web.Swagger2ControllerWebMvc#getDocumentation(String, HttpServletRequest)]
2024-07-15 21:24:33.157  INFO 54576 --- [           main] d.s.w.p.DocumentationPluginsBootstrapper : Documentation plugins bootstrapped
2024-07-15 21:24:33.161  INFO 54576 --- [           main] d.s.w.p.DocumentationPluginsBootstrapper : Found 1 custom documentation plugin(s)
2024-07-15 21:24:33.198  INFO 54576 --- [           main] s.d.s.w.s.ApiListingReferenceScanner     : Scanning for api listing references
2024-07-15 21:24:33.212  INFO 54576 --- [           main] com.hmall.search.SearchApplicationTest   : Started SearchApplicationTest in 11.513 seconds (JVM running for 12.253)
2024-07-15 21:24:33.567  INFO 54576 --- [           main] com.zaxxer.hikari.HikariDataSource       : HikariPool-1 - Starting...
2024-07-15 21:24:33.726  INFO 54576 --- [           main] com.zaxxer.hikari.HikariDataSource       : HikariPool-1 - Start completed.
]]></system-out>
  </testcase>
  <testcase name="testBulkRequest" classname="com.hmall.search.SearchApplicationTest" time="33.08">
    <error message="30,000 milliseconds timeout on connection http-outgoing-1 [ACTIVE]" type="java.net.SocketTimeoutException">java.net.SocketTimeoutException: 30,000 milliseconds timeout on connection http-outgoing-1 [ACTIVE]
	at com.hmall.search.SearchApplicationTest.testBulkRequest(SearchApplicationTest.java:71)
Caused by: java.net.SocketTimeoutException: 30,000 milliseconds timeout on connection http-outgoing-1 [ACTIVE]
</error>
    <system-out><![CDATA[----------begin----------------1721049904615---------------
=========size=======88476===============
-------------end-------------1721049906376---------------
]]></system-out>
  </testcase>
  <testcase name="testExistsIndex" classname="com.hmall.search.SearchApplicationTest" time="30.091">
    <error message="30,000 milliseconds timeout on connection http-outgoing-2 [ACTIVE]" type="java.net.SocketTimeoutException">java.net.SocketTimeoutException: 30,000 milliseconds timeout on connection http-outgoing-2 [ACTIVE]
	at com.hmall.search.SearchApplicationTest.testExistsIndex(SearchApplicationTest.java:46)
Caused by: java.net.SocketTimeoutException: 30,000 milliseconds timeout on connection http-outgoing-2 [ACTIVE]
</error>
  </testcase>
</testsuite>